#
# There is insufficient memory for the Java Runtime Environment to continue.
# Native memory allocation (malloc) failed to allocate 32744 bytes for ChunkPool::allocate
# Possible reasons:
#   The system is out of physical RAM or swap space
#   In 32 bit mode, the process size limit was hit
# Possible solutions:
#   Reduce memory load on the system
#   Increase physical memory or swap space
#   Check if swap backing store is full
#   Use 64 bit Java on a 64 bit OS
#   Decrease Java heap size (-Xmx/-Xms)
#   Decrease number of Java threads
#   Decrease Java thread stack sizes (-Xss)
#   Set larger code cache with -XX:ReservedCodeCacheSize=
# This output file may be truncated or incomplete.
#
#  Out of Memory Error (allocation.cpp:273), pid=25484, tid=25460
#
# JRE version: Java(TM) SE Runtime Environment (8.0_91-b15) (build 1.8.0_91-b15)
# Java VM: Java HotSpot(TM) 64-Bit Server VM (25.91-b15 mixed mode windows-amd64 compressed oops)
# Failed to write core dump. Minidumps are not enabled by default on client versions of Windows
#

---------------  T H R E A D  ---------------

Current thread (0x000000001e885800):  JavaThread "C1 CompilerThread3" daemon [_thread_in_native, id=25460, stack(0x000000001f0a0000,0x000000001f1a0000)]

Stack: [0x000000001f0a0000,0x000000001f1a0000]
[error occurred during error reporting (printing stack bounds), id 0xc0000005]

Native frames: (J=compiled Java code, j=interpreted, Vv=VM code, C=native code)


Current CompileTask:
C1:  13036 3579       1       java.util.regex.Pattern::range (279 bytes)


---------------  P R O C E S S  ---------------

Java Threads: ( => current thread )
  0x0000000020ebd000 JavaThread "RMI TCP Connection(5)-127.0.0.1" daemon [_thread_in_native, id=25824, stack(0x0000000024120000,0x0000000024220000)]
  0x0000000020eb5800 JavaThread "RMI TCP Connection(3)-127.0.0.1" daemon [_thread_in_native, id=8560, stack(0x0000000023f20000,0x0000000024020000)]
  0x0000000020eb6000 JavaThread "DestroyJavaVM" [_thread_blocked, id=9600, stack(0x0000000002910000,0x0000000002a10000)]
  0x0000000020eba800 JavaThread "http-nio-8080-Acceptor-0" daemon [_thread_in_native, id=24368, stack(0x0000000023d20000,0x0000000023e20000)]
  0x0000000020ebc000 JavaThread "http-nio-8080-ClientPoller-1" daemon [_thread_in_native, id=4652, stack(0x0000000023c20000,0x0000000023d20000)]
  0x0000000020ebb800 JavaThread "http-nio-8080-ClientPoller-0" daemon [_thread_in_native, id=21172, stack(0x0000000023b20000,0x0000000023c20000)]
  0x0000000020eb4800 JavaThread "http-nio-8080-exec-10" daemon [_thread_blocked, id=19504, stack(0x0000000023a20000,0x0000000023b20000)]
  0x000000001e84c000 JavaThread "http-nio-8080-exec-9" daemon [_thread_blocked, id=9708, stack(0x0000000023920000,0x0000000023a20000)]
  0x000000001e846000 JavaThread "http-nio-8080-exec-8" daemon [_thread_blocked, id=8156, stack(0x0000000023820000,0x0000000023920000)]
  0x000000001e845800 JavaThread "http-nio-8080-exec-7" daemon [_thread_blocked, id=11752, stack(0x0000000023720000,0x0000000023820000)]
  0x000000001e847000 JavaThread "http-nio-8080-exec-6" daemon [_thread_blocked, id=9704, stack(0x0000000023620000,0x0000000023720000)]
  0x000000001e84b800 JavaThread "http-nio-8080-exec-5" daemon [_thread_blocked, id=26460, stack(0x0000000023520000,0x0000000023620000)]
  0x000000001e84a800 JavaThread "http-nio-8080-exec-4" daemon [_thread_blocked, id=26948, stack(0x0000000023420000,0x0000000023520000)]
  0x000000001e84a000 JavaThread "http-nio-8080-exec-3" daemon [_thread_blocked, id=12600, stack(0x0000000023320000,0x0000000023420000)]
  0x000000001e849000 JavaThread "http-nio-8080-exec-2" daemon [_thread_blocked, id=2796, stack(0x0000000023220000,0x0000000023320000)]
  0x000000001e848800 JavaThread "http-nio-8080-exec-1" daemon [_thread_in_Java, id=21580, stack(0x0000000023120000,0x0000000023220000)]
  0x000000001e847800 JavaThread "NioBlockingSelector.BlockPoller-1" daemon [_thread_in_native, id=20204, stack(0x0000000023020000,0x0000000023120000)]
  0x0000000021742000 JavaThread "mysql-cj-abandoned-connection-cleanup" daemon [_thread_blocked, id=27256, stack(0x0000000022b20000,0x0000000022c20000)]
  0x00000000216e2800 JavaThread "container-0" [_thread_blocked, id=9464, stack(0x0000000022a20000,0x0000000022b20000)]
  0x00000000216e2000 JavaThread "Catalina-utility-2" [_thread_blocked, id=9868, stack(0x0000000022920000,0x0000000022a20000)]
  0x00000000216f3800 JavaThread "Catalina-utility-1" [_thread_blocked, id=9872, stack(0x0000000022820000,0x0000000022920000)]
  0x000000001f7f5000 JavaThread "RMI TCP Connection(idle)" daemon [_thread_blocked, id=26216, stack(0x0000000020650000,0x0000000020750000)]
  0x000000001f7f2800 JavaThread "RMI Scheduler(0)" daemon [_thread_blocked, id=21008, stack(0x0000000020550000,0x0000000020650000)]
  0x000000001f7a5000 JavaThread "RMI TCP Connection(1)-127.0.0.1" daemon [_thread_in_native, id=24712, stack(0x0000000020450000,0x0000000020550000)]
  0x000000001f3be000 JavaThread "RMI TCP Accept-0" daemon [_thread_in_native, id=6960, stack(0x000000001fca0000,0x000000001fda0000)]
  0x000000001f3ae000 JavaThread "RMI TCP Accept-58498" daemon [_thread_in_native, id=16276, stack(0x000000001fba0000,0x000000001fca0000)]
  0x000000001f3a9800 JavaThread "RMI TCP Accept-0" daemon [_thread_in_native, id=24972, stack(0x000000001faa0000,0x000000001fba0000)]
  0x000000001e929000 JavaThread "Service Thread" daemon [_thread_blocked, id=19580, stack(0x000000001f1a0000,0x000000001f2a0000)]
=>0x000000001e885800 JavaThread "C1 CompilerThread3" daemon [_thread_in_native, id=25460, stack(0x000000001f0a0000,0x000000001f1a0000)]
  0x000000001e884800 JavaThread "C2 CompilerThread2" daemon [_thread_blocked, id=9892, stack(0x000000001efa0000,0x000000001f0a0000)]
  0x000000001e880000 JavaThread "C2 CompilerThread1" daemon [_thread_blocked, id=9416, stack(0x000000001eea0000,0x000000001efa0000)]
  0x000000001e87d000 JavaThread "C2 CompilerThread0" daemon [_thread_blocked, id=27048, stack(0x000000001eda0000,0x000000001eea0000)]
  0x000000001e868000 JavaThread "Monitor Ctrl-Break" daemon [_thread_in_native, id=22240, stack(0x000000001eca0000,0x000000001eda0000)]
  0x000000001e5d4000 JavaThread "Attach Listener" daemon [_thread_blocked, id=25228, stack(0x000000001eba0000,0x000000001eca0000)]
  0x000000001e5d1800 JavaThread "Signal Dispatcher" daemon [_thread_blocked, id=24564, stack(0x000000001eaa0000,0x000000001eba0000)]
  0x000000001e560800 JavaThread "Finalizer" daemon [_thread_blocked, id=22432, stack(0x000000001e940000,0x000000001ea40000)]
  0x0000000002c4c000 JavaThread "Reference Handler" daemon [_thread_blocked, id=26228, stack(0x000000001e440000,0x000000001e540000)]

Other Threads:
  0x000000001c668800 VMThread [stack: 0x000000001e340000,0x000000001e440000] [id=25196]
  0x000000001f3d0800 WatcherThread [stack: 0x000000001fda0000,0x000000001fea0000] [id=19116]

VM state:not at safepoint (normal execution)

VM Mutex/Monitor currently owned by a thread: None

Heap:
 PSYoungGen      total 241664K, used 74929K [0x000000076b400000, 0x000000077c400000, 0x00000007c0000000)
  eden space 224256K, 33% used [0x000000076b400000,0x000000076fd2c668,0x0000000778f00000)
  from space 17408K, 0% used [0x0000000779f80000,0x0000000779f80000,0x000000077b080000)
  to   space 16896K, 0% used [0x0000000778f00000,0x0000000778f00000,0x0000000779f80000)
 ParOldGen       total 105984K, used 18069K [0x00000006c1c00000, 0x00000006c8380000, 0x000000076b400000)
  object space 105984K, 17% used [0x00000006c1c00000,0x00000006c2da56a8,0x00000006c8380000)
 Metaspace       used 37218K, capacity 39098K, committed 39296K, reserved 1085440K
  class space    used 5033K, capacity 5398K, committed 5504K, reserved 1048576K

Card table byte_map: [0x0000000012010000,0x0000000012810000] byte_map_base: 0x000000000ea02000

Marking Bits: (ParMarkBitMap*) 0x000000006ef82f70
 Begin Bits: [0x0000000013560000, 0x00000000174f0000)
 End Bits:   [0x00000000174f0000, 0x000000001b480000)

Polling page: 0x00000000006c0000

CodeCache: size=245760Kb used=7381Kb max_used=7381Kb free=238379Kb
 bounds [0x0000000002c50000, 0x0000000003390000, 0x0000000011c50000]
 total_blobs=4037 nmethods=3578 adapters=371
 compilation: enabled

Compilation events (10 events):
Event: 12.994 Thread 0x000000001e885800 nmethod 3574 0x00000000033836d0 code [0x0000000003383820, 0x0000000003383950]
Event: 12.994 Thread 0x000000001e885800 3575       1       java.util.regex.Pattern$BmpCharProperty::<init> (5 bytes)
Event: 12.994 Thread 0x000000001e885800 nmethod 3575 0x00000000033839d0 code [0x0000000003383b20, 0x0000000003383c50]
Event: 12.994 Thread 0x000000001e885800 3578       1       java.util.regex.Pattern$BitClass::isSatisfiedBy (22 bytes)
Event: 12.994 Thread 0x000000001e885800 nmethod 3578 0x0000000003383cd0 code [0x0000000003383e20, 0x0000000003383f90]
Event: 12.994 Thread 0x000000001e885800 3576       1       java.util.regex.Pattern$BmpCharProperty::<init> (6 bytes)
Event: 12.995 Thread 0x000000001e885800 nmethod 3576 0x0000000003384050 code [0x00000000033841a0, 0x00000000033842d0]
Event: 12.995 Thread 0x000000001e885800 3577       1       java.util.regex.Pattern::flags (5 bytes)
Event: 12.995 Thread 0x000000001e885800 nmethod 3577 0x0000000003384350 code [0x00000000033844a0, 0x00000000033845b0]
Event: 13.023 Thread 0x000000001e885800 3579       1       java.util.regex.Pattern::range (279 bytes)

GC Heap History (10 events):
Event: 1.272 GC heap before
{Heap before GC invocations=4 (full 1):
 PSYoungGen      total 76288K, used 5669K [0x000000076b400000, 0x0000000774900000, 0x00000007c0000000)
  eden space 65536K, 0% used [0x000000076b400000,0x000000076b400000,0x000000076f400000)
  from space 10752K, 52% used [0x000000076f400000,0x000000076f989550,0x000000076fe80000)
  to   space 10752K, 0% used [0x0000000773e80000,0x0000000773e80000,0x0000000774900000)
 ParOldGen       total 175104K, used 63K [0x00000006c1c00000, 0x00000006cc700000, 0x000000076b400000)
  object space 175104K, 0% used [0x00000006c1c00000,0x00000006c1c0fd00,0x00000006cc700000)
 Metaspace       used 20573K, capacity 21156K, committed 21296K, reserved 1067008K
  class space    used 2753K, capacity 2916K, committed 2944K, reserved 1048576K
Event: 1.295 GC heap after
Heap after GC invocations=4 (full 1):
 PSYoungGen      total 76288K, used 0K [0x000000076b400000, 0x0000000774900000, 0x00000007c0000000)
  eden space 65536K, 0% used [0x000000076b400000,0x000000076b400000,0x000000076f400000)
  from space 10752K, 0% used [0x000000076f400000,0x000000076f400000,0x000000076fe80000)
  to   space 10752K, 0% used [0x0000000773e80000,0x0000000773e80000,0x0000000774900000)
 ParOldGen       total 78848K, used 5467K [0x00000006c1c00000, 0x00000006c6900000, 0x000000076b400000)
  object space 78848K, 6% used [0x00000006c1c00000,0x00000006c2156d88,0x00000006c6900000)
 Metaspace       used 20572K, capacity 21150K, committed 21296K, reserved 1067008K
  class space    used 2753K, capacity 2915K, committed 2944K, reserved 1048576K
}
Event: 1.633 GC heap before
{Heap before GC invocations=5 (full 1):
 PSYoungGen      total 76288K, used 65536K [0x000000076b400000, 0x0000000774900000, 0x00000007c0000000)
  eden space 65536K, 100% used [0x000000076b400000,0x000000076f400000,0x000000076f400000)
  from space 10752K, 0% used [0x000000076f400000,0x000000076f400000,0x000000076fe80000)
  to   space 10752K, 0% used [0x0000000773e80000,0x0000000773e80000,0x0000000774900000)
 ParOldGen       total 78848K, used 5467K [0x00000006c1c00000, 0x00000006c6900000, 0x000000076b400000)
  object space 78848K, 6% used [0x00000006c1c00000,0x00000006c2156d88,0x00000006c6900000)
 Metaspace       used 24750K, capacity 25570K, committed 25856K, reserved 1071104K
  class space    used 3322K, capacity 3523K, committed 3584K, reserved 1048576K
Event: 1.638 GC heap after
Heap after GC invocations=5 (full 1):
 PSYoungGen      total 130048K, used 7437K [0x000000076b400000, 0x0000000774600000, 0x00000007c0000000)
  eden space 122368K, 0% used [0x000000076b400000,0x000000076b400000,0x0000000772b80000)
  from space 7680K, 96% used [0x0000000773e80000,0x00000007745c37b0,0x0000000774600000)
  to   space 10752K, 0% used [0x0000000773100000,0x0000000773100000,0x0000000773b80000)
 ParOldGen       total 78848K, used 5539K [0x00000006c1c00000, 0x00000006c6900000, 0x000000076b400000)
  object space 78848K, 7% used [0x00000006c1c00000,0x00000006c2168d98,0x00000006c6900000)
 Metaspace       used 24750K, capacity 25570K, committed 25856K, reserved 1071104K
  class space    used 3322K, capacity 3523K, committed 3584K, reserved 1048576K
}
Event: 2.505 GC heap before
{Heap before GC invocations=6 (full 1):
 PSYoungGen      total 130048K, used 129805K [0x000000076b400000, 0x0000000774600000, 0x00000007c0000000)
  eden space 122368K, 100% used [0x000000076b400000,0x0000000772b80000,0x0000000772b80000)
  from space 7680K, 96% used [0x0000000773e80000,0x00000007745c37b0,0x0000000774600000)
  to   space 10752K, 0% used [0x0000000773100000,0x0000000773100000,0x0000000773b80000)
 ParOldGen       total 78848K, used 5539K [0x00000006c1c00000, 0x00000006c6900000, 0x000000076b400000)
  object space 78848K, 7% used [0x00000006c1c00000,0x00000006c2168d98,0x00000006c6900000)
 Metaspace       used 33697K, capacity 35250K, committed 35456K, reserved 1079296K
  class space    used 4554K, capacity 4881K, committed 4992K, reserved 1048576K
Event: 2.518 GC heap after
Heap after GC invocations=6 (full 1):
 PSYoungGen      total 138752K, used 10737K [0x000000076b400000, 0x000000077b080000, 0x00000007c0000000)
  eden space 128000K, 0% used [0x000000076b400000,0x000000076b400000,0x0000000773100000)
  from space 10752K, 99% used [0x0000000773100000,0x0000000773b7c6b0,0x0000000773b80000)
  to   space 17408K, 0% used [0x0000000779f80000,0x0000000779f80000,0x000000077b080000)
 ParOldGen       total 78848K, used 12433K [0x00000006c1c00000, 0x00000006c6900000, 0x000000076b400000)
  object space 78848K, 15% used [0x00000006c1c00000,0x00000006c28245e8,0x00000006c6900000)
 Metaspace       used 33697K, capacity 35250K, committed 35456K, reserved 1079296K
  class space    used 4554K, capacity 4881K, committed 4992K, reserved 1048576K
}
Event: 2.525 GC heap before
{Heap before GC invocations=7 (full 1):
 PSYoungGen      total 138752K, used 13170K [0x000000076b400000, 0x000000077b080000, 0x00000007c0000000)
  eden space 128000K, 1% used [0x000000076b400000,0x000000076b6601e0,0x0000000773100000)
  from space 10752K, 99% used [0x0000000773100000,0x0000000773b7c6b0,0x0000000773b80000)
  to   space 17408K, 0% used [0x0000000779f80000,0x0000000779f80000,0x000000077b080000)
 ParOldGen       total 78848K, used 12433K [0x00000006c1c00000, 0x00000006c6900000, 0x000000076b400000)
  object space 78848K, 15% used [0x00000006c1c00000,0x00000006c28245e8,0x00000006c6900000)
 Metaspace       used 33784K, capacity 35326K, committed 35456K, reserved 1079296K
  class space    used 4561K, capacity 4883K, committed 4992K, reserved 1048576K
Event: 2.532 GC heap after
Heap after GC invocations=7 (full 1):
 PSYoungGen      total 241664K, used 10971K [0x000000076b400000, 0x000000077c400000, 0x00000007c0000000)
  eden space 224256K, 0% used [0x000000076b400000,0x000000076b400000,0x0000000778f00000)
  from space 17408K, 63% used [0x0000000779f80000,0x000000077aa36fc0,0x000000077b080000)
  to   space 16896K, 0% used [0x0000000778f00000,0x0000000778f00000,0x0000000779f80000)
 ParOldGen       total 78848K, used 12441K [0x00000006c1c00000, 0x00000006c6900000, 0x000000076b400000)
  object space 78848K, 15% used [0x00000006c1c00000,0x00000006c28265e8,0x00000006c6900000)
 Metaspace       used 33784K, capacity 35326K, committed 35456K, reserved 1079296K
  class space    used 4561K, capacity 4883K, committed 4992K, reserved 1048576K
}
Event: 2.532 GC heap before
{Heap before GC invocations=8 (full 2):
 PSYoungGen      total 241664K, used 10971K [0x000000076b400000, 0x000000077c400000, 0x00000007c0000000)
  eden space 224256K, 0% used [0x000000076b400000,0x000000076b400000,0x0000000778f00000)
  from space 17408K, 63% used [0x0000000779f80000,0x000000077aa36fc0,0x000000077b080000)
  to   space 16896K, 0% used [0x0000000778f00000,0x0000000778f00000,0x0000000779f80000)
 ParOldGen       total 78848K, used 12441K [0x00000006c1c00000, 0x00000006c6900000, 0x000000076b400000)
  object space 78848K, 15% used [0x00000006c1c00000,0x00000006c28265e8,0x00000006c6900000)
 Metaspace       used 33784K, capacity 35326K, committed 35456K, reserved 1079296K
  class space    used 4561K, capacity 4883K, committed 4992K, reserved 1048576K
Event: 2.574 GC heap after
Heap after GC invocations=8 (full 2):
 PSYoungGen      total 241664K, used 0K [0x000000076b400000, 0x000000077c400000, 0x00000007c0000000)
  eden space 224256K, 0% used [0x000000076b400000,0x000000076b400000,0x0000000778f00000)
  from space 17408K, 0% used [0x0000000779f80000,0x0000000779f80000,0x000000077b080000)
  to   space 16896K, 0% used [0x0000000778f00000,0x0000000778f00000,0x0000000779f80000)
 ParOldGen       total 105984K, used 18069K [0x00000006c1c00000, 0x00000006c8380000, 0x000000076b400000)
  object space 105984K, 17% used [0x00000006c1c00000,0x00000006c2da56a8,0x00000006c8380000)
 Metaspace       used 33784K, capacity 35326K, committed 35456K, reserved 1079296K
  class space    used 4561K, capacity 4883K, committed 4992K, reserved 1048576K
}

Deoptimization events (0 events):
No events

Internal exceptions (10 events):
Event: 2.634 Thread 0x0000000002b56000 Exception <a 'java/lang/ArrayIndexOutOfBoundsException'> (0x000000076c09f4d8) thrown at [C:\re\workspace\8-2-build-windows-amd64-cygwin\jdk8u91\7017\hotspot\src\share\vm\runtime\sharedRuntime.cpp, line 605]
Event: 2.658 Thread 0x0000000002b56000 Exception <a 'java/lang/ArrayIndexOutOfBoundsException'> (0x000000076c4bca88) thrown at [C:\re\workspace\8-2-build-windows-amd64-cygwin\jdk8u91\7017\hotspot\src\share\vm\runtime\sharedRuntime.cpp, line 605]
Event: 2.677 Thread 0x0000000002b56000 Exception <a 'java/lang/ArrayIndexOutOfBoundsException'> (0x000000076c81e420) thrown at [C:\re\workspace\8-2-build-windows-amd64-cygwin\jdk8u91\7017\hotspot\src\share\vm\runtime\sharedRuntime.cpp, line 605]
Event: 2.706 Thread 0x0000000002b56000 Exception <a 'java/lang/ArrayIndexOutOfBoundsException'> (0x000000076cd38860) thrown at [C:\re\workspace\8-2-build-windows-amd64-cygwin\jdk8u91\7017\hotspot\src\share\vm\runtime\sharedRuntime.cpp, line 605]
Event: 2.707 Thread 0x0000000002b56000 Exception <a 'java/lang/ArrayIndexOutOfBoundsException'> (0x000000076cd443b0) thrown at [C:\re\workspace\8-2-build-windows-amd64-cygwin\jdk8u91\7017\hotspot\src\share\vm\runtime\sharedRuntime.cpp, line 605]
Event: 2.709 Thread 0x0000000002b56000 Exception <a 'java/lang/ArrayIndexOutOfBoundsException'> (0x000000076cd9abd8) thrown at [C:\re\workspace\8-2-build-windows-amd64-cygwin\jdk8u91\7017\hotspot\src\share\vm\runtime\sharedRuntime.cpp, line 605]
Event: 2.717 Thread 0x0000000002b56000 Exception <a 'java/lang/ArrayIndexOutOfBoundsException'> (0x000000076cefe518) thrown at [C:\re\workspace\8-2-build-windows-amd64-cygwin\jdk8u91\7017\hotspot\src\share\vm\runtime\sharedRuntime.cpp, line 605]
Event: 2.737 Thread 0x0000000002b56000 Exception <a 'java/lang/ArrayIndexOutOfBoundsException'> (0x000000076d1dcc08) thrown at [C:\re\workspace\8-2-build-windows-amd64-cygwin\jdk8u91\7017\hotspot\src\share\vm\runtime\sharedRuntime.cpp, line 605]
Event: 2.737 Thread 0x0000000002b56000 Exception <a 'java/lang/ArrayIndexOutOfBoundsException'> (0x000000076d1df650) thrown at [C:\re\workspace\8-2-build-windows-amd64-cygwin\jdk8u91\7017\hotspot\src\share\vm\runtime\sharedRuntime.cpp, line 605]
Event: 2.737 Thread 0x0000000002b56000 Exception <a 'java/lang/ArrayIndexOutOfBoundsException'> (0x000000076d1e13b8) thrown at [C:\re\workspace\8-2-build-windows-amd64-cygwin\jdk8u91\7017\hotspot\src\share\vm\runtime\sharedRuntime.cpp, line 605]

Events (10 events):
Event: 13.022 loading class com/mysql/cj/conf/DatabaseUrlContainer
Event: 13.022 loading class com/mysql/cj/conf/DatabaseUrlContainer done
Event: 13.022 loading class com/mysql/cj/util/LRUCache
Event: 13.022 loading class com/mysql/cj/util/LRUCache done
Event: 13.023 loading class com/mysql/cj/conf/ConnectionUrlParser
Event: 13.023 loading class com/mysql/cj/conf/ConnectionUrlParser done
Event: 13.023 loading class java/util/regex/Pattern$Neg
Event: 13.023 loading class java/util/regex/Pattern$Neg done
Event: 13.024 loading class com/mysql/cj/util/StringUtils
Event: 13.024 loading class com/mysql/cj/util/StringUtils done


Dynamic libraries:
0x00007ff7f9b90000 - 0x00007ff7f9bc7000 	D:\Develop\Java\jdk1.8.0_91\bin\java.exe
0x00007ffc60f50000 - 0x00007ffc61131000 	C:\WINDOWS\SYSTEM32\ntdll.dll
0x00007ffc5f650000 - 0x00007ffc5f702000 	C:\WINDOWS\System32\KERNEL32.DLL
0x00007ffc5e060000 - 0x00007ffc5e2d3000 	C:\WINDOWS\System32\KERNELBASE.dll
0x00007ffc5f290000 - 0x00007ffc5f331000 	C:\WINDOWS\System32\ADVAPI32.dll
0x00007ffc5e990000 - 0x00007ffc5ea2e000 	C:\WINDOWS\System32\msvcrt.dll
0x00007ffc5fa10000 - 0x00007ffc5fa6b000 	C:\WINDOWS\System32\sechost.dll
0x00007ffc5e410000 - 0x00007ffc5e534000 	C:\WINDOWS\System32\RPCRT4.dll
0x00007ffc5eb80000 - 0x00007ffc5ed10000 	C:\WINDOWS\System32\USER32.dll
0x00007ffc5e040000 - 0x00007ffc5e060000 	C:\WINDOWS\System32\win32u.dll
0x00007ffc5eb50000 - 0x00007ffc5eb78000 	C:\WINDOWS\System32\GDI32.dll
0x00007ffc5d670000 - 0x00007ffc5d802000 	C:\WINDOWS\System32\gdi32full.dll
0x00007ffc5d810000 - 0x00007ffc5d8af000 	C:\WINDOWS\System32\msvcp_win.dll
0x00007ffc5e2e0000 - 0x00007ffc5e3d8000 	C:\WINDOWS\System32\ucrtbase.dll
0x00007ffc50220000 - 0x00007ffc50489000 	C:\WINDOWS\WinSxS\amd64_microsoft.windows.common-controls_6595b64144ccf1df_6.0.17134.648_none_fb45a0e93062a6d2\COMCTL32.dll
0x00007ffc5ed70000 - 0x00007ffc5f092000 	C:\WINDOWS\System32\combase.dll
0x00007ffc5dfc0000 - 0x00007ffc5e03a000 	C:\WINDOWS\System32\bcryptPrimitives.dll
0x00007ffc5e3e0000 - 0x00007ffc5e40d000 	C:\WINDOWS\System32\IMM32.DLL
0x000000006f010000 - 0x000000006f0e2000 	D:\Develop\Java\jdk1.8.0_91\jre\bin\msvcr100.dll
0x000000006e770000 - 0x000000006f003000 	D:\Develop\Java\jdk1.8.0_91\jre\bin\server\jvm.dll
0x00007ffc60f10000 - 0x00007ffc60f18000 	C:\WINDOWS\System32\PSAPI.DLL
0x00007ffc58400000 - 0x00007ffc5840a000 	C:\WINDOWS\SYSTEM32\VERSION.dll
0x00007ffc4d6a0000 - 0x00007ffc4d6a9000 	C:\WINDOWS\SYSTEM32\WSOCK32.dll
0x00007ffc5a300000 - 0x00007ffc5a323000 	C:\WINDOWS\SYSTEM32\WINMM.dll
0x00007ffc5f220000 - 0x00007ffc5f28c000 	C:\WINDOWS\System32\WS2_32.dll
0x00007ffc5a2d0000 - 0x00007ffc5a2fa000 	C:\WINDOWS\SYSTEM32\WINMMBASE.dll
0x00007ffc5d320000 - 0x00007ffc5d369000 	C:\WINDOWS\System32\cfgmgr32.dll
0x000000006e760000 - 0x000000006e76f000 	D:\Develop\Java\jdk1.8.0_91\jre\bin\verify.dll
0x000000006e730000 - 0x000000006e759000 	D:\Develop\Java\jdk1.8.0_91\jre\bin\java.dll
0x000000006c4c0000 - 0x000000006c4e3000 	D:\Develop\Java\jdk1.8.0_91\jre\bin\instrument.dll
0x000000006e710000 - 0x000000006e726000 	D:\Develop\Java\jdk1.8.0_91\jre\bin\zip.dll
0x00007ffc5fad0000 - 0x00007ffc60f10000 	C:\WINDOWS\System32\SHELL32.dll
0x00007ffc5f960000 - 0x00007ffc5fa09000 	C:\WINDOWS\System32\shcore.dll
0x00007ffc5d8b0000 - 0x00007ffc5dfbd000 	C:\WINDOWS\System32\windows.storage.dll
0x00007ffc5fa70000 - 0x00007ffc5fac1000 	C:\WINDOWS\System32\shlwapi.dll
0x00007ffc5d290000 - 0x00007ffc5d2a1000 	C:\WINDOWS\System32\kernel.appcore.dll
0x00007ffc5d300000 - 0x00007ffc5d31f000 	C:\WINDOWS\System32\profapi.dll
0x00007ffc5d2b0000 - 0x00007ffc5d2fc000 	C:\WINDOWS\System32\powrprof.dll
0x00007ffc5d280000 - 0x00007ffc5d28a000 	C:\WINDOWS\System32\FLTLIB.DLL
0x00007ffc50b10000 - 0x00007ffc50b2a000 	D:\Develop\ideaIU-2017.3.4.win\bin\breakgen64.dll
0x000000006e6f0000 - 0x000000006e70a000 	D:\Develop\Java\jdk1.8.0_91\jre\bin\net.dll
0x00007ffc5cac0000 - 0x00007ffc5cb26000 	C:\WINDOWS\system32\mswsock.dll
0x000000006e6e0000 - 0x000000006e6ed000 	D:\Develop\Java\jdk1.8.0_91\jre\bin\management.dll
0x000000006e6c0000 - 0x000000006e6d1000 	D:\Develop\Java\jdk1.8.0_91\jre\bin\nio.dll
0x00007ffc47380000 - 0x00007ffc47396000 	C:\WINDOWS\system32\napinsp.dll
0x00007ffc472b0000 - 0x00007ffc472ca000 	C:\WINDOWS\system32\pnrpnsp.dll
0x00007ffc58070000 - 0x00007ffc58089000 	C:\WINDOWS\system32\NLAapi.dll
0x00007ffc5c880000 - 0x00007ffc5c93e000 	C:\WINDOWS\SYSTEM32\DNSAPI.dll
0x00007ffc5f620000 - 0x00007ffc5f628000 	C:\WINDOWS\System32\NSI.dll
0x00007ffc5c840000 - 0x00007ffc5c878000 	C:\WINDOWS\SYSTEM32\IPHLPAPI.DLL
0x00007ffc47370000 - 0x00007ffc4737e000 	C:\WINDOWS\System32\winrnr.dll
0x00007ffc535f0000 - 0x00007ffc535fa000 	C:\Windows\System32\rasadhlp.dll
0x00007ffc543d0000 - 0x00007ffc54442000 	C:\WINDOWS\System32\fwpuclnt.dll
0x00007ffc5cda0000 - 0x00007ffc5cdc5000 	C:\WINDOWS\SYSTEM32\bcrypt.dll
0x00007ffc5cc70000 - 0x00007ffc5cc87000 	C:\WINDOWS\SYSTEM32\CRYPTSP.dll
0x00007ffc5c6a0000 - 0x00007ffc5c6d3000 	C:\WINDOWS\system32\rsaenh.dll
0x00007ffc5d190000 - 0x00007ffc5d1b8000 	C:\WINDOWS\SYSTEM32\USERENV.dll
0x00007ffc5cc90000 - 0x00007ffc5cc9b000 	C:\WINDOWS\SYSTEM32\CRYPTBASE.dll
0x00007ffc54ac0000 - 0x00007ffc54ad6000 	C:\WINDOWS\SYSTEM32\dhcpcsvc6.DLL
0x00007ffc54a00000 - 0x00007ffc54a1a000 	C:\WINDOWS\SYSTEM32\dhcpcsvc.DLL

VM Arguments:
jvm_args: -XX:TieredStopAtLevel=1 -Xverify:none -Dspring.output.ansi.enabled=always -Dcom.sun.management.jmxremote -Dcom.sun.management.jmxremote.port=58498 -Dcom.sun.management.jmxremote.authenticate=false -Dcom.sun.management.jmxremote.ssl=false -Djava.rmi.server.hostname=localhost -Dspring.liveBeansView.mbeanDomain -Dspring.application.admin.enabled=true -javaagent:D:\Develop\ideaIU-2017.3.4.win\lib\idea_rt.jar=58499:D:\Develop\ideaIU-2017.3.4.win\bin -Dfile.encoding=UTF-8 
java_command: com.example.Demo317Application
java_class_path (initial): D:\Develop\Java\jdk1.8.0_91\jre\lib\charsets.jar;D:\Develop\Java\jdk1.8.0_91\jre\lib\deploy.jar;D:\Develop\Java\jdk1.8.0_91\jre\lib\ext\access-bridge-64.jar;D:\Develop\Java\jdk1.8.0_91\jre\lib\ext\cldrdata.jar;D:\Develop\Java\jdk1.8.0_91\jre\lib\ext\dnsns.jar;D:\Develop\Java\jdk1.8.0_91\jre\lib\ext\jaccess.jar;D:\Develop\Java\jdk1.8.0_91\jre\lib\ext\jfxrt.jar;D:\Develop\Java\jdk1.8.0_91\jre\lib\ext\localedata.jar;D:\Develop\Java\jdk1.8.0_91\jre\lib\ext\nashorn.jar;D:\Develop\Java\jdk1.8.0_91\jre\lib\ext\sunec.jar;D:\Develop\Java\jdk1.8.0_91\jre\lib\ext\sunjce_provider.jar;D:\Develop\Java\jdk1.8.0_91\jre\lib\ext\sunmscapi.jar;D:\Develop\Java\jdk1.8.0_91\jre\lib\ext\sunpkcs11.jar;D:\Develop\Java\jdk1.8.0_91\jre\lib\ext\zipfs.jar;D:\Develop\Java\jdk1.8.0_91\jre\lib\javaws.jar;D:\Develop\Java\jdk1.8.0_91\jre\lib\jce.jar;D:\Develop\Java\jdk1.8.0_91\jre\lib\jfr.jar;D:\Develop\Java\jdk1.8.0_91\jre\lib\jfxswt.jar;D:\Develop\Java\jdk1.8.0_91\jre\lib\jsse.jar;D:\Develop\Java\jdk1.8.0_91\jre\lib\management-agent.jar;D:\Develop\Java\jdk1.8.0_91\jre\lib\plugin.jar;D:\Develop\Java\jdk1.8.0_91\jre\lib\resources.jar;D:\Develop\Java\jdk1.8.0_91\jre\lib\rt.jar;D:\work\IdeaProjects\demo317\target\classes;D:\Develop\Maven\apache-maven-3.3.9\wanlidarepository\org\springframework\boot\spring-boot-starter-jdbc\2.1.3.RELEASE\spring-boot-starter-jdbc-2.1.3.RELEASE.jar;D:\Develop\Maven\apache-maven-3.3.9\wanlidarepository\org\springframework\boot\spring-boot-starter\2.1.3.RELEASE\spring-boot-starter-2.1.3.RELEASE.jar;D:\Develop\Maven\apache-maven-3.3.9\wanlidarepository\org\springframework\boot\spring-boot\2.1.3.RELEASE\spring-boot-2.1.3.RELEASE.jar;D:\Develop\Maven\apache-maven-3.3.9\wanlidarepository\org\springframework\boot\spring-boot-autoconfigure\2.1.3.RELEASE\spring-boot-autoconfigure-2.1.3.RELEASE.jar;D:\Develop\Maven\apache-maven-3.3.9\wanlidarepository\org\springframework\boot\spring-boot-starter-logging\2.1.3.RELEASE\spring-boot-starter-logging-2.1.3.R
Launcher Type: SUN_STANDARD

Environment Variables:
JAVA_HOME=D:\Develop\Java\jdk1.8.0_91
PATH=D:\Oracle\OracleXE11\app\oracle\product\11.2.0\server\bin\bin;C:\Program Files (x86)\Intel\iCLS Client\;C:\Program Files\Intel\iCLS Client\;C:\windows\system32;C:\windows;C:\windows\System32\Wbem;C:\windows\System32\WindowsPowerShell\v1.0\;C:\Program Files (x86)\Intel\Intel(R) Management Engine Components\DAL;C:\Program Files\Intel\Intel(R) Management Engine Components\DAL;C:\Program Files (x86)\Intel\Intel(R) Management Engine Components\IPT;C:\Program Files\Intel\Intel(R) Management Engine Components\IPT;C:\Program Files (x86)\NVIDIA Corporation\PhysX\Common;D:\Develop\Java\jdk1.8.0_91\bin;D:\work\MySQL\MySQL Server 5.5\bin;D:\XuNiJi\PuTTY\;D:\Develop\instantclient_11_2;D:\Develop\Maven\apache-maven-3.3.9\bin;D:\Develop\VisualSVN Server\bin;D:\Develop\Git\Git\cmd;C:\WINDOWS\system32;C:\WINDOWS;C:\WINDOWS\System32\Wbem;C:\WINDOWS\System32\WindowsPowerShell\v1.0\;C:\WINDOWS\System32\OpenSSH\;D:\Develop\SVN\TortoiseSVN\bin;C:\Users\HUJUN\AppData\Local\Microsoft\WindowsApps;
USERNAME=HUJUN
OS=Windows_NT
PROCESSOR_IDENTIFIER=Intel64 Family 6 Model 158 Stepping 9, GenuineIntel



---------------  S Y S T E M  ---------------

OS: Windows 10.0 , 64 bit Build 17134 (10.0.17134.648)

CPU:total 8 (4 cores per cpu, 2 threads per core) family 6 model 158 stepping 9, cmov, cx8, fxsr, mmx, sse, sse2, sse3, ssse3, sse4.1, sse4.2, popcnt, avx, avx2, aes, clmul, erms, 3dnowpref, lzcnt, ht, tsc, tscinvbit, bmi1, bmi2, adx

Memory: 4k page, physical 16661252k(8793120k free), swap 32128896k(4184k free)

vm_info: Java HotSpot(TM) 64-Bit Server VM (25.91-b15) for windows-amd64 JRE (1.8.0_91-b15), built on May 20 2016 17:43:15 by "java_re" with MS VC++ 10.0 (VS2010)

time: Sun Mar 17 17:56:48 2019
elapsed time: 13 seconds (0d 0h 0m 13s)

